                                        The SAS System     14:25 Sunday, September 25, 2016   1

                                   Obs    id1999    headrace

                                     1      197         2   
                                     2      207         2   
                                     3      458         2   
                                     4      463         2   
                                     5      578         1   
                                     6      770         1   
                                     7     1185         1   
                                     8     1284         2   
                                     9     1286         1   
                                    10     1404         1   
                                    11     1466         1   
                                    12     1602         1   
                                    13     1783         1   
                                    14     2245         2   
                                    15     2568         1   
                                    16     2627         1   
                                    17     2757         1   
                                    18     2777         1   
                                    19     2940         2   
                                    20     3250         2   
                                    21     3544         1   
                                    22     3908         5   
                                    23     4027         2   
                                    24     4081         1   
                                    25     4311         1   
                                    26     4649         2   
                                    27     4778         2   
                                    28     4851         2   
                                    29     4866         2   
                                    30     4894         1   
                                    31     4945         1   
                                    32     5077         1   
                                    33     5322         1   
                                    34     5452         1   
                                    35     5540         2   
                                    36     5850         2   
                                    37     5866         2   
                                    38     5913         2   
                                    39     6148         2   
                                    40     6276         1   
                                    41     6480         1   
                                    42     6592         2   
                                    43     6650         1   
                                    44     6718         2   
                                    45     6816         1   
                                    46     6860         1   
                                    47     6865         2   
                                    48     6985         1   
                                        The SAS System     14:25 Sunday, September 25, 2016   2

                                   Obs    id2001    headrace

                                     1       37         1   
                                     2      387         1   
                                     3      440         1   
                                     4      492         1   
                                     5      689         1   
                                     6      853         1   
                                     7     1126         1   
                                     8     1207         1   
                                     9     1228         2   
                                    10     1375         2   
                                    11     1529         2   
                                    12     1531         2   
                                    13     1535         1   
                                    14     1692         1   
                                    15     1738         1   
                                    16     1839         1   
                                    17     2044         1   
                                    18     2079         1   
                                    19     2130         2   
                                    20     2166         1   
                                    21     2271         2   
                                    22     2408         2   
                                    23     2499         1   
                                    24     2601         1   
                                    25     2614         1   
                                    26     2628         1   
                                    27     2646         1   
                                    28     2860         1   
                                    29     2921         1   
                                    30     2938         1   
                                    31     2946         2   
                                    32     2962         1   
                                    33     2963         1   
                                    34     3142         3   
                                    35     3286         2   
                                    36     3394         1   
                                    37     3419         1   
                                    38     3495         1   
                                    39     3496         1   
                                    40     3498         2   
                                    41     3505         1   
                                    42     3608         2   
                                    43     3685         1   
                                    44     3836         1   
                                    45     3848         1   
                                    46     3892         1   
                                    47     3917         2   
                                    48     3945         1   
                                    49     3963         1   
                                    50     3965         1   
                                    51     3983         1   
                                    52     4059         2   
                                    53     4071         2   
                                    54     4178         2   
                                        The SAS System     14:25 Sunday, September 25, 2016   3

                                   Obs    id2001    headrace

                                    55     4214         1   
                                    56     4222         1   
                                    57     4280         1   
                                    58     4282         1   
                                    59     4332         2   
                                    60     4443         2   
                                    61     4803         1   
                                    62     4959         2   
                                    63     5045         1   
                                    64     5079         2   
                                    65     5240         2   
                                    66     5351         2   
                                    67     5387         2   
                                    68     5466         2   
                                    69     5744         1   
                                    70     5797         1   
                                    71     5831         1   
                                    72     5841         1   
                                    73     5875         2   
                                    74     5972         1   
                                    75     6023         1   
                                    76     6072         2   
                                    77     6115         1   
                                    78     6162         2   
                                    79     6301         2   
                                    80     6329         1   
                                    81     6448         1   
                                    82     6477         2   
                                    83     6507         1   
                                    84     6515         1   
                                    85     6519         2   
                                    86     6537         1   
                                    87     6578         1   
                                    88     6597         1   
                                    89     6606         2   
                                    90     6649         1   
                                    91     6801         1   
                                    92     7055         1   
                                    93     7082         1   
                                    94     7088         1   
                                    95     7222         2   
                                    96     7223         1   
                                    97     7260         4   
                                    98     7309         2   
                                    99     7344         2   
                                   100     7428         1   
                                   101     7456         1   
                                   102     7457         2   
                                        The SAS System     14:25 Sunday, September 25, 2016   4

                                   Obs    id2003    headrace

                                     1      188         1   
                                     2      688         2   
                                     3      842         2   
                                     4      963         1   
                                     5      971         2   
                                     6     1060         1   
                                     7     1112         1   
                                     8     1294         1   
                                     9     1518         1   
                                    10     1555         2   
                                    11     1904         1   
                                    12     1972         1   
                                    13     2187         1   
                                    14     2294         2   
                                    15     2349         1   
                                    16     2386         1   
                                    17     2470         1   
                                    18     2572         1   
                                    19     2620         1   
                                    20     2642         2   
                                    21     2685         1   
                                    22     2689         1   
                                    23     2702         2   
                                    24     2885         2   
                                    25     3040         1   
                                    26     3075         1   
                                    27     3103         1   
                                    28     3130         1   
                                    29     3133         2   
                                    30     3166         2   
                                    31     3172         1   
                                    32     3179         1   
                                    33     3284         1   
                                    34     3321         2   
                                    35     3323         2   
                                    36     3405         2   
                                    37     3446         2   
                                    38     3464         2   
                                    39     3569         1   
                                    40     3574         1   
                                    41     3604         1   
                                    42     3630         2   
                                    43     3637         1   
                                    44     3660         1   
                                    45     3695         2   
                                    46     3725         1   
                                    47     3754         1   
                                    48     3807         1   
                                    49     3823         2   
                                    50     3966         1   
                                    51     4105         2   
                                    52     4232         3   
                                    53     4334         2   
                                    54     4386         2   
                                        The SAS System     14:25 Sunday, September 25, 2016   5

                                   Obs    id2003    headrace

                                    55     4401         2   
                                    56     4455         1   
                                    57     4600         2   
                                    58     4614         1   
                                    59     4662         2   
                                    60     4676         2   
                                    61     4695         1   
                                    62     4756         1   
                                    63     4759         1   
                                    64     4790         1   
                                    65     4805         2   
                                    66     4910         1   
                                    67     4913         1   
                                    68     4936         1   
                                    69     4971         1   
                                    70     5014         2   
                                    71     5090         1   
                                    72     5110         2   
                                    73     5163         2   
                                    74     5177         1   
                                    75     5338         2   
                                    76     5378         1   
                                    77     5385         7   
                                    78     5426         2   
                                    79     5445         1   
                                    80     5496         1   
                                    81     5622         1   
                                    82     5705         1   
                                    83     5790         2   
                                    84     5797         1   
                                    85     5798         2   
                                    86     5827         1   
                                    87     5868         1   
                                    88     5927         1   
                                    89     5954         1   
                                    90     6023         2   
                                    91     6047         1   
                                    92     6212         1   
                                    93     6313         1   
                                    94     6348         1   
                                    95     6363         1   
                                    96     6366         1   
                                    97     6379         1   
                                    98     6446         2   
                                    99     6522         1   
                                   100     6581         1   
                                   101     6637         4   
                                   102     6660         1   
                                   103     6665         1   
                                   104     6893         2   
                                   105     6962         1   
                                   106     6997         1   
                                   107     7033         1   
                                   108     7053         1   
                                        The SAS System     14:25 Sunday, September 25, 2016   6

                                   Obs    id2003    headrace

                                   109     7071         2   
                                   110     7090         1   
                                   111     7101         1   
                                   112     7108         1   
                                   113     7135         2   
                                   114     7209         5   
                                   115     7252         2   
                                   116     7261         1   
                                   117     7347         1   
                                   118     7365         1   
                                   119     7444         1   
                                   120     7515         1   
                                   121     7576         1   
                                   122     7608         5   
                                   123     7720         1   
                                   124     7854         2   
                                        The SAS System     14:25 Sunday, September 25, 2016   7

                                   Obs    id2005    headrace

                                     1     2955         2   
                                     2     2985         1   
                                     3     3049         1   
                                     4     3252         5   
                                     5     3489         2   
                                     6     3537         1   
                                     7     3556         5   
                                     8     3568         5   
                                     9     3800         5   
                                    10     3801         7   
                                    11     4045         7   
                                    12     4062         2   
                                    13     4326         5   
                                    14     4543         2   
                                    15     4683         5   
                                    16     4967         1   
                                    17     5163         2   
                                    18     5545         2   
                                    19     5622         1   
                                    20     6085         7   
                                    21     6375         2   
                                    22     7357         1   
                                    23     7444         1   
                                    24     7543         5   
                                    25     7665         1   
                                    26     7751         2   
                                    27     7778         2   
                                    28     7855         4   
                                    29     7996         1   
                                    30     8039         1   
                                    31     8040         2   
                                        The SAS System     14:25 Sunday, September 25, 2016   8

                                   Obs    id2007    headrace

                                     1       50         1   
                                     2     1392         1   
                                     3     1498         1   
                                     4     2028         7   
                                     5     2407         1   
                                     6     2708         2   
                                     7     3084         1   
                                     8     3378         2   
                                     9     3498         2   
                                    10     3681         2   
                                    11     3913         2   
                                    12     3942         1   
                                    13     4069         2   
                                    14     5088         5   
                                    15     5778         7   
                                    16     6594         5   
                                    17     6755         2   
                                    18     6870         5   
                                    19     6884         2   
                                    20     6956         7   
                                    21     6988         7   
                                    22     7071         5   
                                    23     7323         5   
                                    24     7377         1   
                                    25     7595         5   
                                    26     7731         1   
                                    27     7923         2   
                                    28     8067         1   
                                        The SAS System     14:25 Sunday, September 25, 2016   9

                                   Obs    id2009    headrace

                                     1      488         1   
                                     2      695         1   
                                     3      840         5   
                                     4     1261         1   
                                     5     2000         1   
                                     6     2559         2   
                                     7     2821         7   
                                     8     3499         1   
                                     9     3642         2   
                                    10     3703         5   
                                    11     3800         1   
                                    12     3910         1   
                                    13     3969         1   
                                    14     3995         5   
                                    15     4620         3   
                                    16     4869         5   
                                    17     4893         2   
                                    18     4962         5   
                                    19     5048         2   
                                    20     5503         2   
                                    21     5613         2   
                                    22     5958         7   
                                    23     6245         1   
                                    24     6895         2   
                                    25     7071         7   
                                    26     7716         2   
                                    27     7759         5   
                                    28     7957         1   
                                    29     8587         2   
                                        The SAS System     14:25 Sunday, September 25, 2016  10

                                   Obs    id2011    headrace

                                     1      819         2   
                                     2     1215         1   
                                     3     1449         2   
                                     4     1686         5   
                                     5     1870         2   
                                     6     2328         1   
                                     7     2477         5   
                                     8     2611         1   
                                     9     2778         3   
                                    10     3310         5   
                                    11     3521         7   
                                    12     3644         5   
                                    13     3693         1   
                                    14     4061         2   
                                    15     4658         5   
                                    16     5038         1   
                                    17     5368         5   
                                    18     6071         2   
                                    19     6120         1   
                                    20     6145         2   
                                    21     6478         7   
                                    22     6926         5   
                                    23     7668         2   
                                    24     7840         2   
                                    25     7954         1   
                                    26     8044         5   
                                    27     8368         2   
                                    28     8927         1   
                                        The SAS System     14:25 Sunday, September 25, 2016  11

                                   Obs    id2013    headrace

                                     1       55         1   
                                     2     1311         1   
                                     3     1587         2   
                                     4     1647         1   
                                     5     1748         1   
                                     6     2437         5   
                                     7     2707         1   
                                     8     2994         2   
                                     9     3892         2   
                                    10     4602         3   
                                    11     5341         1   
                                    12     5362         1   
                                    13     5384         1   
                                    14     5648         5   
                                    15     5930         2   
                                    16     6216         5   
                                    17     6492         2   
                                    18     6539         7   
                                    19     6739         1   
                                    20     6902         5   
                                    21     6943         5   
                                    22     7318         5   
                                    23     7395         5   
                                        The SAS System     14:25 Sunday, September 25, 2016  12

                                      The FREQ Procedure

                                                        Cumulative    Cumulative
               headrace1999    Frequency     Percent     Frequency      Percent
               -----------------------------------------------------------------
                          1        4269       61.19          4269        61.19  
                          2        2132       30.56          6401        91.74  
                          3          41        0.59          6442        92.33  
                          4         115        1.65          6557        93.98  
                          5         325        4.66          6882        98.64  
                          6           6        0.09          6888        98.72  
                          7          89        1.28          6977       100.00  

                                     Frequency Missing = 20
                                        The SAS System     14:25 Sunday, September 25, 2016  13

                                      The FREQ Procedure

                                                        Cumulative    Cumulative
               headrace2001    Frequency     Percent     Frequency      Percent
               -----------------------------------------------------------------
                          1        4486       60.85          4486        60.85  
                          2        2291       31.08          6777        91.93  
                          3          49        0.66          6826        92.59  
                          4         113        1.53          6939        94.13  
                          5         332        4.50          7271        98.63  
                          6           4        0.05          7275        98.68  
                          7          97        1.32          7372       100.00  

                                     Frequency Missing = 34
                                        The SAS System     14:25 Sunday, September 25, 2016  14

                                      The FREQ Procedure

                                                        Cumulative    Cumulative
               headrace2003    Frequency     Percent     Frequency      Percent
               -----------------------------------------------------------------
                          1        4674       59.96          4674        59.96  
                          2        2508       32.17          7182        92.14  
                          3          53        0.68          7235        92.82  
                          4         120        1.54          7355        94.36  
                          5         329        4.22          7684        98.58  
                          6           4        0.05          7688        98.63  
                          7         107        1.37          7795       100.00  

                                     Frequency Missing = 27
                                        The SAS System     14:25 Sunday, September 25, 2016  15

                                      The FREQ Procedure

                                                        Cumulative    Cumulative
               headrace2005    Frequency     Percent     Frequency      Percent
               -----------------------------------------------------------------
                          0           4        0.05             4         0.05  
                          1        4904       61.45          4908        61.50  
                          2        2680       33.58          7588        95.09  
                          3          48        0.60          7636        95.69  
                          4         116        1.45          7752        97.14  
                          5          16        0.20          7768        97.34  
                          7         212        2.66          7980       100.00  

                                     Frequency Missing = 22
                                        The SAS System     14:25 Sunday, September 25, 2016  16

                                      The FREQ Procedure

                                                        Cumulative    Cumulative
               headrace2007    Frequency     Percent     Frequency      Percent
               -----------------------------------------------------------------
                          0           2        0.02             2         0.02  
                          1        5022       60.87          5024        60.89  
                          2        2817       34.14          7841        95.03  
                          3          51        0.62          7892        95.65  
                          4         112        1.36          8004        97.01  
                          5          22        0.27          8026        97.27  
                          7         225        2.73          8251       100.00  

                                     Frequency Missing = 38
                                        The SAS System     14:25 Sunday, September 25, 2016  17

                                      The FREQ Procedure

                                                        Cumulative    Cumulative
               headrace2009    Frequency     Percent     Frequency      Percent
               -----------------------------------------------------------------
                          1        5172       59.82          5172        59.82  
                          2        3031       35.06          8203        94.88  
                          3          58        0.67          8261        95.55  
                          4         108        1.25          8369        96.80  
                          5          30        0.35          8399        97.14  
                          7         247        2.86          8646       100.00  

                                     Frequency Missing = 44
                                        The SAS System     14:25 Sunday, September 25, 2016  18

                                      The FREQ Procedure

                                                        Cumulative    Cumulative
               headrace2011    Frequency     Percent     Frequency      Percent
               -----------------------------------------------------------------
                          1        5179       58.52          5179        58.52  
                          2        3199       36.15          8378        94.67  
                          3          69        0.78          8447        95.45  
                          4         102        1.15          8549        96.60  
                          5          37        0.42          8586        97.02  
                          7         264        2.98          8850       100.00  

                                     Frequency Missing = 57
                                        The SAS System     14:25 Sunday, September 25, 2016  19

                                      The FREQ Procedure

                                                        Cumulative    Cumulative
               headrace2013    Frequency     Percent     Frequency      Percent
               -----------------------------------------------------------------
                          1        5144       57.10          5144        57.10  
                          2        3390       37.63          8534        94.73  
                          3          64        0.71          8598        95.44  
                          4          99        1.10          8697        96.54  
                          5          44        0.49          8741        97.03  
                          7         268        2.97          9009       100.00  

                                     Frequency Missing = 54
                                        The SAS System     14:25 Sunday, September 25, 2016  20

                                      The FREQ Procedure

                                                       Cumulative    Cumulative
               headedu1999    Frequency     Percent     Frequency      Percent
               ----------------------------------------------------------------
                         1        1614       23.35          1614        23.35  
                         2        2236       32.35          3850        55.70  
                         3        1542       22.31          5392        78.01  
                         4        1520       21.99          6912       100.00  

                                    Frequency Missing = 85
                                        The SAS System     14:25 Sunday, September 25, 2016  21

                                      The FREQ Procedure

                                                       Cumulative    Cumulative
               headedu2001    Frequency     Percent     Frequency      Percent
               ----------------------------------------------------------------
                         1        1598       21.85          1598        21.85  
                         2        2415       33.03          4013        54.88  
                         3        1689       23.10          5702        77.98  
                         4        1610       22.02          7312       100.00  

                                    Frequency Missing = 94
                                        The SAS System     14:25 Sunday, September 25, 2016  22

                                      The FREQ Procedure

                                                       Cumulative    Cumulative
               headedu2003    Frequency     Percent     Frequency      Percent
               ----------------------------------------------------------------
                         1        1529       19.75          1529        19.75  
                         2        2637       34.07          4166        53.82  
                         3        1843       23.81          6009        77.64  
                         4        1731       22.36          7740       100.00  

                                    Frequency Missing = 82
                                        The SAS System     14:25 Sunday, September 25, 2016  23

                                      The FREQ Procedure

                                                       Cumulative    Cumulative
               headedu2005    Frequency     Percent     Frequency      Percent
               ----------------------------------------------------------------
                         1        1526       19.19          1526        19.19  
                         2        2570       32.31          4096        51.50  
                         3        1971       24.78          6067        76.29  
                         4        1886       23.71          7953       100.00  

                                    Frequency Missing = 49
                                        The SAS System     14:25 Sunday, September 25, 2016  24

                                      The FREQ Procedure

                                                       Cumulative    Cumulative
               headedu2007    Frequency     Percent     Frequency      Percent
               ----------------------------------------------------------------
                         1        1513       18.32          1513        18.32  
                         2        2576       31.19          4089        49.52  
                         3        2129       25.78          6218        75.30  
                         4        2040       24.70          8258       100.00  

                                    Frequency Missing = 31
                                        The SAS System     14:25 Sunday, September 25, 2016  25

                                      The FREQ Procedure

                                                       Cumulative    Cumulative
               headedu2009    Frequency     Percent     Frequency      Percent
               ----------------------------------------------------------------
                         1        1557       17.94          1557        17.94  
                         2        2487       28.66          4044        46.60  
                         3        2259       26.03          6303        72.63  
                         4        2375       27.37          8678       100.00  

                                    Frequency Missing = 12
                                        The SAS System     14:25 Sunday, September 25, 2016  26

                                      The FREQ Procedure

                                                       Cumulative    Cumulative
               headedu2011    Frequency     Percent     Frequency      Percent
               ----------------------------------------------------------------
                         1        1654       18.59          1654        18.59  
                         2        2501       28.10          4155        46.69  
                         3        2328       26.16          6483        72.85  
                         4        2416       27.15          8899       100.00  

                                     Frequency Missing = 8
                                        The SAS System     14:25 Sunday, September 25, 2016  27

                                      The FREQ Procedure

                                                       Cumulative    Cumulative
               headedu2013    Frequency     Percent     Frequency      Percent
               ----------------------------------------------------------------
                         1        1663       18.36          1663        18.36  
                         2        2463       27.20          4126        45.56  
                         3        2433       26.87          6559        72.43  
                         4        2497       27.57          9056       100.00  

                                     Frequency Missing = 7
